<?xml version="1.0" encoding="UTF-8"?>
<testsuite name="inkball.LineTest" tests="1" skipped="0" failures="0" errors="0" timestamp="2024-10-24T04:07:16" hostname="macdeMacBook-Air.local" time="0.003">
  <properties/>
  <testcase name="testBallLineCollision()" classname="inkball.LineTest" time="0.003"/>
  <system-out><![CDATA[]]></system-out>
  <system-err><![CDATA[]]></system-err>
</testsuite>
