<?xml version="1.0" encoding="UTF-8"?>
<testsuite name="inkball.SpawnerTest" tests="1" skipped="0" failures="0" errors="0" timestamp="2024-10-24T04:07:16" hostname="macdeMacBook-Air.local" time="0.001">
  <properties/>
  <testcase name="testSpawnerInitialization()" classname="inkball.SpawnerTest" time="0.001"/>
  <system-out><![CDATA[]]></system-out>
  <system-err><![CDATA[]]></system-err>
</testsuite>
